<?xml version="1.0" encoding="UTF-8" ?>
<testsuite failures="0" time="0.375" errors="0" skipped="0" tests="5" name="com.serbrave.appfuse.test02.webapp.filter.LocaleFilterTest">
  <properties>
[...]
</properties>
  <testcase time="0.219" classname="com.serbrave.appfuse.test02.webapp.filter.LocaleFilterTest" name="testSetLocaleInSessionWhenSessionIsNull"/>
  <testcase time="0.062" classname="com.serbrave.appfuse.test02.webapp.filter.LocaleFilterTest" name="testSetLocaleInSessionWhenSessionNotNull"/>
  <testcase time="0" classname="com.serbrave.appfuse.test02.webapp.filter.LocaleFilterTest" name="testSetInvalidLocale"/>
  <testcase time="0" classname="com.serbrave.appfuse.test02.webapp.filter.LocaleFilterTest" name="testJstlLocaleIsSet"/>
  <testcase time="0" classname="com.serbrave.appfuse.test02.webapp.filter.LocaleFilterTest" name="testLocaleAndCountry"/>
</testsuite>